<?xml version="1.0" encoding="UTF-8"?>
<!-- Generated by org.testng.reporters.JUnitReportReporter -->
<testsuite hostname="VSI-LAP-45" name="TestNGPackage.TFSTESTNG" tests="1" failures="0" timestamp="17 Feb 2017 11:42:41 GMT" time="21.320" errors="0">
  <testcase name="defectcreation" time="21.320" classname="TestNGPackage.TFSTESTNG"/>
</testsuite> <!-- TestNGPackage.TFSTESTNG -->
