<?xml version="1.0" encoding="UTF-8"?>
<!-- Generated by org.testng.reporters.JUnitReportReporter -->
<testsuite hostname="VSI-LAP-45" name="TestNGPackage.NewTest" tests="1" failures="0" timestamp="17 Feb 2017 11:09:45 GMT" time="0.003" errors="0">
  <testcase name="f" time="0.003" classname="TestNGPackage.NewTest"/>
</testsuite> <!-- TestNGPackage.NewTest -->
